{"/home/runner/chain-pouch-project/chainpouch/src/main.js": {"path":"/home/runner/chain-pouch-project/chainpouch/src/main.js","statementMap":{"0":{"start":{"line":1,"column":15},"end":{"line":1,"column":32}},"1":{"start":{"line":2,"column":23},"end":{"line":2,"column":38}},"2":{"start":{"line":4,"column":11},"end":{"line":4,"column":24}},"3":{"start":{"line":5,"column":12},"end":{"line":5,"column":70}},"4":{"start":{"line":9,"column":25},"end":{"line":16,"column":1}},"5":{"start":{"line":21,"column":4},"end":{"line":21,"column":30}},"6":{"start":{"line":22,"column":4},"end":{"line":22,"column":28}},"7":{"start":{"line":23,"column":4},"end":{"line":23,"column":46}},"8":{"start":{"line":24,"column":4},"end":{"line":24,"column":28}},"9":{"start":{"line":32,"column":4},"end":{"line":32,"column":27}},"10":{"start":{"line":36,"column":16},"end":{"line":36,"column":110}},"11":{"start":{"line":39,"column":4},"end":{"line":42,"column":5}},"12":{"start":{"line":40,"column":6},"end":{"line":40,"column":100}},"13":{"start":{"line":41,"column":6},"end":{"line":41,"column":67}},"14":{"start":{"line":43,"column":4},"end":{"line":43,"column":16}},"15":{"start":{"line":48,"column":4},"end":{"line":49,"column":78}},"16":{"start":{"line":48,"column":10},"end":{"line":48,"column":36}},"17":{"start":{"line":49,"column":15},"end":{"line":49,"column":76}},"18":{"start":{"line":51,"column":13},"end":{"line":51,"column":53}},"19":{"start":{"line":52,"column":4},"end":{"line":52,"column":43}},"20":{"start":{"line":57,"column":24},"end":{"line":71,"column":1}},"21":{"start":{"line":68,"column":28},"end":{"line":68,"column":42}},"22":{"start":{"line":69,"column":2},"end":{"line":69,"column":52}},"23":{"start":{"line":69,"column":40},"end":{"line":69,"column":52}},"24":{"start":{"line":70,"column":2},"end":{"line":70,"column":15}},"25":{"start":{"line":76,"column":4},"end":{"line":76,"column":17}},"26":{"start":{"line":77,"column":4},"end":{"line":77,"column":35}},"27":{"start":{"line":78,"column":4},"end":{"line":78,"column":20}},"28":{"start":{"line":81,"column":4},"end":{"line":81,"column":37}},"29":{"start":{"line":82,"column":4},"end":{"line":82,"column":71}},"30":{"start":{"line":86,"column":4},"end":{"line":88,"column":21}},"31":{"start":{"line":91,"column":16},"end":{"line":91,"column":35}},"32":{"start":{"line":92,"column":20},"end":{"line":92,"column":39}},"33":{"start":{"line":95,"column":4},"end":{"line":95,"column":32}},"34":{"start":{"line":99,"column":4},"end":{"line":99,"column":55}},"35":{"start":{"line":99,"column":46},"end":{"line":99,"column":55}},"36":{"start":{"line":100,"column":4},"end":{"line":100,"column":43}},"37":{"start":{"line":104,"column":4},"end":{"line":104,"column":54}},"38":{"start":{"line":104,"column":45},"end":{"line":104,"column":54}},"39":{"start":{"line":105,"column":4},"end":{"line":105,"column":42}},"40":{"start":{"line":109,"column":13},"end":{"line":109,"column":21}},"41":{"start":{"line":110,"column":4},"end":{"line":110,"column":46}},"42":{"start":{"line":110,"column":33},"end":{"line":110,"column":46}},"43":{"start":{"line":111,"column":4},"end":{"line":111,"column":47}},"44":{"start":{"line":111,"column":34},"end":{"line":111,"column":47}},"45":{"start":{"line":112,"column":4},"end":{"line":112,"column":49}},"46":{"start":{"line":112,"column":36},"end":{"line":112,"column":49}},"47":{"start":{"line":113,"column":4},"end":{"line":113,"column":16}},"48":{"start":{"line":118,"column":4},"end":{"line":121,"column":5}},"49":{"start":{"line":119,"column":6},"end":{"line":119,"column":84}},"50":{"start":{"line":120,"column":6},"end":{"line":120,"column":78}},"51":{"start":{"line":123,"column":4},"end":{"line":126,"column":5}},"52":{"start":{"line":124,"column":6},"end":{"line":124,"column":94}},"53":{"start":{"line":125,"column":6},"end":{"line":125,"column":66}},"54":{"start":{"line":128,"column":4},"end":{"line":133,"column":5}},"55":{"start":{"line":129,"column":6},"end":{"line":132,"column":7}},"56":{"start":{"line":130,"column":8},"end":{"line":130,"column":128}},"57":{"start":{"line":131,"column":8},"end":{"line":131,"column":95}},"58":{"start":{"line":135,"column":4},"end":{"line":140,"column":5}},"59":{"start":{"line":136,"column":6},"end":{"line":139,"column":7}},"60":{"start":{"line":137,"column":8},"end":{"line":137,"column":126}},"61":{"start":{"line":138,"column":8},"end":{"line":138,"column":93}},"62":{"start":{"line":142,"column":4},"end":{"line":142,"column":16}},"63":{"start":{"line":149,"column":4},"end":{"line":149,"column":41}},"64":{"start":{"line":153,"column":4},"end":{"line":153,"column":50}},"65":{"start":{"line":157,"column":4},"end":{"line":157,"column":45}},"66":{"start":{"line":162,"column":17},"end":{"line":162,"column":18}},"67":{"start":{"line":162,"column":28},"end":{"line":162,"column":29}},"68":{"start":{"line":163,"column":4},"end":{"line":166,"column":5}},"69":{"start":{"line":164,"column":6},"end":{"line":164,"column":30}},"70":{"start":{"line":165,"column":6},"end":{"line":165,"column":28}},"71":{"start":{"line":168,"column":17},"end":{"line":168,"column":110}},"72":{"start":{"line":169,"column":4},"end":{"line":169,"column":58}},"73":{"start":{"line":170,"column":4},"end":{"line":170,"column":18}},"74":{"start":{"line":177,"column":4},"end":{"line":181,"column":5}},"75":{"start":{"line":177,"column":10},"end":{"line":177,"column":38}},"76":{"start":{"line":179,"column":6},"end":{"line":179,"column":106}},"77":{"start":{"line":180,"column":6},"end":{"line":180,"column":19}},"78":{"start":{"line":183,"column":4},"end":{"line":187,"column":5}},"79":{"start":{"line":183,"column":10},"end":{"line":183,"column":36}},"80":{"start":{"line":185,"column":6},"end":{"line":185,"column":104}},"81":{"start":{"line":186,"column":6},"end":{"line":186,"column":19}},"82":{"start":{"line":189,"column":4},"end":{"line":189,"column":43}},"83":{"start":{"line":190,"column":4},"end":{"line":190,"column":45}},"84":{"start":{"line":193,"column":4},"end":{"line":196,"column":5}},"85":{"start":{"line":194,"column":6},"end":{"line":194,"column":121}},"86":{"start":{"line":195,"column":6},"end":{"line":195,"column":88}},"87":{"start":{"line":198,"column":4},"end":{"line":198,"column":16}},"88":{"start":{"line":204,"column":4},"end":{"line":217,"column":5}},"89":{"start":{"line":204,"column":17},"end":{"line":204,"column":18}},"90":{"start":{"line":205,"column":22},"end":{"line":205,"column":37}},"91":{"start":{"line":206,"column":23},"end":{"line":206,"column":42}},"92":{"start":{"line":209,"column":6},"end":{"line":211,"column":7}},"93":{"start":{"line":210,"column":8},"end":{"line":210,"column":21}},"94":{"start":{"line":214,"column":6},"end":{"line":216,"column":7}},"95":{"start":{"line":215,"column":8},"end":{"line":215,"column":21}},"96":{"start":{"line":220,"column":4},"end":{"line":220,"column":16}},"97":{"start":{"line":226,"column":15},"end":{"line":226,"column":74}},"98":{"start":{"line":227,"column":0},"end":{"line":227,"column":42}},"99":{"start":{"line":228,"column":0},"end":{"line":228,"column":44}},"100":{"start":{"line":229,"column":0},"end":{"line":229,"column":59}},"101":{"start":{"line":230,"column":0},"end":{"line":230,"column":61}},"102":{"start":{"line":231,"column":0},"end":{"line":232,"column":72}},"103":{"start":{"line":231,"column":6},"end":{"line":231,"column":71}},"104":{"start":{"line":232,"column":11},"end":{"line":232,"column":70}},"105":{"start":{"line":235,"column":0},"end":{"line":236,"column":72}},"106":{"start":{"line":235,"column":6},"end":{"line":235,"column":82}},"107":{"start":{"line":236,"column":11},"end":{"line":236,"column":70}},"108":{"start":{"line":237,"column":0},"end":{"line":237,"column":22}},"109":{"start":{"line":240,"column":16},"end":{"line":240,"column":28}},"110":{"start":{"line":241,"column":0},"end":{"line":242,"column":56}},"111":{"start":{"line":241,"column":6},"end":{"line":241,"column":87}},"112":{"start":{"line":242,"column":11},"end":{"line":242,"column":54}},"113":{"start":{"line":244,"column":0},"end":{"line":245,"column":56}},"114":{"start":{"line":244,"column":6},"end":{"line":244,"column":85}},"115":{"start":{"line":245,"column":11},"end":{"line":245,"column":54}},"116":{"start":{"line":247,"column":0},"end":{"line":248,"column":56}},"117":{"start":{"line":247,"column":6},"end":{"line":247,"column":86}},"118":{"start":{"line":248,"column":11},"end":{"line":248,"column":54}},"119":{"start":{"line":250,"column":0},"end":{"line":250,"column":54}},"120":{"start":{"line":251,"column":0},"end":{"line":251,"column":56}},"121":{"start":{"line":252,"column":0},"end":{"line":252,"column":23}},"122":{"start":{"line":255,"column":0},"end":{"line":262,"column":2}}},"fnMap":{"0":{"name":"(anonymous_0)","decl":{"start":{"line":20,"column":2},"end":{"line":20,"column":3}},"loc":{"start":{"line":20,"column":38},"end":{"line":25,"column":3}},"line":20},"1":{"name":"(anonymous_1)","decl":{"start":{"line":31,"column":2},"end":{"line":31,"column":3}},"loc":{"start":{"line":31,"column":16},"end":{"line":33,"column":3}},"line":31},"2":{"name":"(anonymous_2)","decl":{"start":{"line":36,"column":2},"end":{"line":36,"column":3}},"loc":{"start":{"line":36,"column":14},"end":{"line":36,"column":112}},"line":36},"3":{"name":"(anonymous_3)","decl":{"start":{"line":38,"column":2},"end":{"line":38,"column":3}},"loc":{"start":{"line":38,"column":23},"end":{"line":44,"column":3}},"line":38},"4":{"name":"(anonymous_4)","decl":{"start":{"line":46,"column":2},"end":{"line":46,"column":3}},"loc":{"start":{"line":46,"column":21},"end":{"line":53,"column":3}},"line":46},"5":{"name":"(anonymous_5)","decl":{"start":{"line":57,"column":24},"end":{"line":57,"column":25}},"loc":{"start":{"line":57,"column":35},"end":{"line":71,"column":1}},"line":57},"6":{"name":"(anonymous_6)","decl":{"start":{"line":75,"column":2},"end":{"line":75,"column":3}},"loc":{"start":{"line":75,"column":31},"end":{"line":83,"column":3}},"line":75},"7":{"name":"(anonymous_7)","decl":{"start":{"line":85,"column":2},"end":{"line":85,"column":3}},"loc":{"start":{"line":85,"column":18},"end":{"line":89,"column":3}},"line":85},"8":{"name":"(anonymous_8)","decl":{"start":{"line":91,"column":2},"end":{"line":91,"column":3}},"loc":{"start":{"line":91,"column":14},"end":{"line":91,"column":37}},"line":91},"9":{"name":"(anonymous_9)","decl":{"start":{"line":92,"column":2},"end":{"line":92,"column":3}},"loc":{"start":{"line":92,"column":18},"end":{"line":92,"column":41}},"line":92},"10":{"name":"(anonymous_10)","decl":{"start":{"line":94,"column":2},"end":{"line":94,"column":3}},"loc":{"start":{"line":94,"column":12},"end":{"line":96,"column":3}},"line":94},"11":{"name":"(anonymous_11)","decl":{"start":{"line":98,"column":2},"end":{"line":98,"column":3}},"loc":{"start":{"line":98,"column":20},"end":{"line":101,"column":3}},"line":98},"12":{"name":"(anonymous_12)","decl":{"start":{"line":103,"column":2},"end":{"line":103,"column":3}},"loc":{"start":{"line":103,"column":19},"end":{"line":106,"column":3}},"line":103},"13":{"name":"(anonymous_13)","decl":{"start":{"line":108,"column":2},"end":{"line":108,"column":3}},"loc":{"start":{"line":108,"column":19},"end":{"line":114,"column":3}},"line":108},"14":{"name":"(anonymous_14)","decl":{"start":{"line":116,"column":2},"end":{"line":116,"column":3}},"loc":{"start":{"line":116,"column":21},"end":{"line":143,"column":3}},"line":116},"15":{"name":"(anonymous_15)","decl":{"start":{"line":148,"column":2},"end":{"line":148,"column":3}},"loc":{"start":{"line":148,"column":16},"end":{"line":150,"column":3}},"line":148},"16":{"name":"(anonymous_16)","decl":{"start":{"line":152,"column":2},"end":{"line":152,"column":3}},"loc":{"start":{"line":152,"column":17},"end":{"line":154,"column":3}},"line":152},"17":{"name":"(anonymous_17)","decl":{"start":{"line":156,"column":2},"end":{"line":156,"column":3}},"loc":{"start":{"line":156,"column":14},"end":{"line":158,"column":3}},"line":156},"18":{"name":"(anonymous_18)","decl":{"start":{"line":160,"column":2},"end":{"line":160,"column":3}},"loc":{"start":{"line":160,"column":12},"end":{"line":171,"column":3}},"line":160},"19":{"name":"(anonymous_19)","decl":{"start":{"line":173,"column":2},"end":{"line":173,"column":3}},"loc":{"start":{"line":173,"column":12},"end":{"line":174,"column":3}},"line":173},"20":{"name":"(anonymous_20)","decl":{"start":{"line":176,"column":2},"end":{"line":176,"column":3}},"loc":{"start":{"line":176,"column":21},"end":{"line":200,"column":3}},"line":176},"21":{"name":"(anonymous_21)","decl":{"start":{"line":202,"column":2},"end":{"line":202,"column":3}},"loc":{"start":{"line":202,"column":12},"end":{"line":221,"column":3}},"line":202}},"branchMap":{"0":{"loc":{"start":{"line":39,"column":4},"end":{"line":42,"column":5}},"type":"if","locations":[{"start":{"line":39,"column":4},"end":{"line":42,"column":5}},{"start":{},"end":{}}],"line":39},"1":{"loc":{"start":{"line":69,"column":2},"end":{"line":69,"column":52}},"type":"if","locations":[{"start":{"line":69,"column":2},"end":{"line":69,"column":52}},{"start":{},"end":{}}],"line":69},"2":{"loc":{"start":{"line":99,"column":4},"end":{"line":99,"column":55}},"type":"if","locations":[{"start":{"line":99,"column":4},"end":{"line":99,"column":55}},{"start":{},"end":{}}],"line":99},"3":{"loc":{"start":{"line":104,"column":4},"end":{"line":104,"column":54}},"type":"if","locations":[{"start":{"line":104,"column":4},"end":{"line":104,"column":54}},{"start":{},"end":{}}],"line":104},"4":{"loc":{"start":{"line":110,"column":4},"end":{"line":110,"column":46}},"type":"if","locations":[{"start":{"line":110,"column":4},"end":{"line":110,"column":46}},{"start":{},"end":{}}],"line":110},"5":{"loc":{"start":{"line":111,"column":4},"end":{"line":111,"column":47}},"type":"if","locations":[{"start":{"line":111,"column":4},"end":{"line":111,"column":47}},{"start":{},"end":{}}],"line":111},"6":{"loc":{"start":{"line":112,"column":4},"end":{"line":112,"column":49}},"type":"if","locations":[{"start":{"line":112,"column":4},"end":{"line":112,"column":49}},{"start":{},"end":{}}],"line":112},"7":{"loc":{"start":{"line":118,"column":4},"end":{"line":121,"column":5}},"type":"if","locations":[{"start":{"line":118,"column":4},"end":{"line":121,"column":5}},{"start":{},"end":{}}],"line":118},"8":{"loc":{"start":{"line":123,"column":4},"end":{"line":126,"column":5}},"type":"if","locations":[{"start":{"line":123,"column":4},"end":{"line":126,"column":5}},{"start":{},"end":{}}],"line":123},"9":{"loc":{"start":{"line":123,"column":9},"end":{"line":123,"column":94}},"type":"binary-expr","locations":[{"start":{"line":123,"column":9},"end":{"line":123,"column":50}},{"start":{"line":123,"column":54},"end":{"line":123,"column":94}}],"line":123},"10":{"loc":{"start":{"line":128,"column":4},"end":{"line":133,"column":5}},"type":"if","locations":[{"start":{"line":128,"column":4},"end":{"line":133,"column":5}},{"start":{},"end":{}}],"line":128},"11":{"loc":{"start":{"line":129,"column":6},"end":{"line":132,"column":7}},"type":"if","locations":[{"start":{"line":129,"column":6},"end":{"line":132,"column":7}},{"start":{},"end":{}}],"line":129},"12":{"loc":{"start":{"line":135,"column":4},"end":{"line":140,"column":5}},"type":"if","locations":[{"start":{"line":135,"column":4},"end":{"line":140,"column":5}},{"start":{},"end":{}}],"line":135},"13":{"loc":{"start":{"line":136,"column":6},"end":{"line":139,"column":7}},"type":"if","locations":[{"start":{"line":136,"column":6},"end":{"line":139,"column":7}},{"start":{},"end":{}}],"line":136},"14":{"loc":{"start":{"line":193,"column":4},"end":{"line":196,"column":5}},"type":"if","locations":[{"start":{"line":193,"column":4},"end":{"line":196,"column":5}},{"start":{},"end":{}}],"line":193},"15":{"loc":{"start":{"line":209,"column":6},"end":{"line":211,"column":7}},"type":"if","locations":[{"start":{"line":209,"column":6},"end":{"line":211,"column":7}},{"start":{},"end":{}}],"line":209},"16":{"loc":{"start":{"line":214,"column":6},"end":{"line":216,"column":7}},"type":"if","locations":[{"start":{"line":214,"column":6},"end":{"line":216,"column":7}},{"start":{},"end":{}}],"line":214}},"s":{"0":1,"1":1,"2":1,"3":1,"4":1,"5":0,"6":0,"7":0,"8":0,"9":5,"10":7,"11":12,"12":0,"13":0,"14":12,"15":7,"16":7,"17":0,"18":7,"19":7,"20":1,"21":5,"22":5,"23":5,"24":0,"25":7,"26":7,"27":7,"28":7,"29":7,"30":13,"31":16,"32":3,"33":2,"34":7,"35":3,"36":4,"37":7,"38":6,"39":1,"40":5,"41":5,"42":0,"43":5,"44":3,"45":2,"46":0,"47":2,"48":5,"49":0,"50":0,"51":5,"52":0,"53":0,"54":5,"55":4,"56":0,"57":0,"58":5,"59":1,"60":0,"61":0,"62":5,"63":2,"64":2,"65":3,"66":2,"67":2,"68":2,"69":5,"70":5,"71":2,"72":2,"73":2,"74":3,"75":3,"76":0,"77":0,"78":3,"79":3,"80":0,"81":0,"82":3,"83":3,"84":3,"85":0,"86":0,"87":3,"88":2,"89":2,"90":3,"91":3,"92":3,"93":0,"94":3,"95":0,"96":2,"97":1,"98":1,"99":1,"100":1,"101":1,"102":1,"103":1,"104":0,"105":1,"106":1,"107":0,"108":1,"109":1,"110":1,"111":1,"112":0,"113":1,"114":1,"115":0,"116":1,"117":1,"118":0,"119":1,"120":1,"121":1,"122":1},"f":{"0":0,"1":5,"2":7,"3":12,"4":7,"5":5,"6":7,"7":13,"8":16,"9":3,"10":2,"11":7,"12":7,"13":5,"14":5,"15":2,"16":2,"17":3,"18":2,"19":0,"20":3,"21":2},"b":{"0":[0,12],"1":[5,0],"2":[3,4],"3":[6,1],"4":[0,5],"5":[3,2],"6":[0,2],"7":[0,5],"8":[0,5],"9":[5,1],"10":[4,1],"11":[0,4],"12":[1,4],"13":[0,1],"14":[0,3],"15":[0,3],"16":[0,3]},"_coverageSchema":"1a1c01bbd47fc00a2c39e90264f33305004495a9","hash":"b4898edbd9a8e4eb528b67becbb7b050ccc6e34c"}
}
