TN:
SF:chainpouch/src/main.js
FN:20,(anonymous_0)
FN:31,(anonymous_1)
FN:36,(anonymous_2)
FN:38,(anonymous_3)
FN:46,(anonymous_4)
FN:57,(anonymous_5)
FN:75,(anonymous_6)
FN:85,(anonymous_7)
FN:91,(anonymous_8)
FN:92,(anonymous_9)
FN:94,(anonymous_10)
FN:98,(anonymous_11)
FN:103,(anonymous_12)
FN:108,(anonymous_13)
FN:116,(anonymous_14)
FN:148,(anonymous_15)
FN:152,(anonymous_16)
FN:156,(anonymous_17)
FN:160,(anonymous_18)
FN:173,(anonymous_19)
FN:176,(anonymous_20)
FN:202,(anonymous_21)
FNF:22
FNH:20
FNDA:0,(anonymous_0)
FNDA:5,(anonymous_1)
FNDA:7,(anonymous_2)
FNDA:12,(anonymous_3)
FNDA:7,(anonymous_4)
FNDA:5,(anonymous_5)
FNDA:7,(anonymous_6)
FNDA:13,(anonymous_7)
FNDA:16,(anonymous_8)
FNDA:3,(anonymous_9)
FNDA:2,(anonymous_10)
FNDA:7,(anonymous_11)
FNDA:7,(anonymous_12)
FNDA:5,(anonymous_13)
FNDA:5,(anonymous_14)
FNDA:2,(anonymous_15)
FNDA:2,(anonymous_16)
FNDA:3,(anonymous_17)
FNDA:2,(anonymous_18)
FNDA:0,(anonymous_19)
FNDA:3,(anonymous_20)
FNDA:2,(anonymous_21)
DA:1,1
DA:2,1
DA:4,1
DA:5,1
DA:9,1
DA:21,0
DA:22,0
DA:23,0
DA:24,0
DA:32,5
DA:36,7
DA:39,12
DA:40,0
DA:41,0
DA:43,12
DA:48,7
DA:49,0
DA:51,7
DA:52,7
DA:57,1
DA:68,5
DA:69,5
DA:70,0
DA:76,7
DA:77,7
DA:78,7
DA:81,7
DA:82,7
DA:86,13
DA:91,16
DA:92,3
DA:95,2
DA:99,7
DA:100,4
DA:104,7
DA:105,1
DA:109,5
DA:110,5
DA:111,5
DA:112,2
DA:113,2
DA:118,5
DA:119,0
DA:120,0
DA:123,5
DA:124,0
DA:125,0
DA:128,5
DA:129,4
DA:130,0
DA:131,0
DA:135,5
DA:136,1
DA:137,0
DA:138,0
DA:142,5
DA:149,2
DA:153,2
DA:157,3
DA:162,2
DA:163,2
DA:164,5
DA:165,5
DA:168,2
DA:169,2
DA:170,2
DA:177,3
DA:179,0
DA:180,0
DA:183,3
DA:185,0
DA:186,0
DA:189,3
DA:190,3
DA:193,3
DA:194,0
DA:195,0
DA:198,3
DA:204,2
DA:205,3
DA:206,3
DA:209,3
DA:210,0
DA:214,3
DA:215,0
DA:220,2
DA:226,1
DA:227,1
DA:228,1
DA:229,1
DA:230,1
DA:231,1
DA:232,0
DA:235,1
DA:236,0
DA:237,1
DA:240,1
DA:241,1
DA:242,0
DA:244,1
DA:245,0
DA:247,1
DA:248,0
DA:250,1
DA:251,1
DA:252,1
DA:255,1
LF:107
LH:78
BRDA:39,0,0,0
BRDA:39,0,1,12
BRDA:69,1,0,5
BRDA:69,1,1,0
BRDA:99,2,0,3
BRDA:99,2,1,4
BRDA:104,3,0,6
BRDA:104,3,1,1
BRDA:110,4,0,0
BRDA:110,4,1,5
BRDA:111,5,0,3
BRDA:111,5,1,2
BRDA:112,6,0,0
BRDA:112,6,1,2
BRDA:118,7,0,0
BRDA:118,7,1,5
BRDA:123,8,0,0
BRDA:123,8,1,5
BRDA:123,9,0,5
BRDA:123,9,1,1
BRDA:128,10,0,4
BRDA:128,10,1,1
BRDA:129,11,0,0
BRDA:129,11,1,4
BRDA:135,12,0,1
BRDA:135,12,1,4
BRDA:136,13,0,0
BRDA:136,13,1,1
BRDA:193,14,0,0
BRDA:193,14,1,3
BRDA:209,15,0,0
BRDA:209,15,1,3
BRDA:214,16,0,0
BRDA:214,16,1,3
BRF:34
BRH:23
end_of_record
